===============================================================================
Tue Apr 30 17:49:56 Hora de verano romance 2024
-------------------------------------------------------------------------------
Collecting map data
'Collecting map data' on frame 0
'Collecting map data' on frame 1
'Collecting map data' on frame 2
'Collecting map data' on frame 3
'Collecting map data' on frame 4
'Collecting map data' on frame 5
'Collecting map data' on frame 6
'Collecting map data' on frame 7
'Collecting map data' on frame 8
'Collecting map data' on frame 9
'Collecting map data' on frame 10
'Collecting map data' on frame 11
'Collecting map data' on frame 12
'Collecting map data' on frame 13
'Collecting map data' on frame 14
'Collecting map data' on frame 15
'Collecting map data' on frame 16
'Collecting map data' on frame 17
'Collecting map data' on frame 18
'Collecting map data' on frame 19
'Collecting map data' on frame 20
'Collecting map data' on frame 21
'Collecting map data' on frame 22
'Collecting map data' on frame 23
'Collecting map data' on frame 24
'Collecting map data' on frame 25
'Collecting map data' on frame 26
'Collecting map data' on frame 27
'Collecting map data' on frame 28
'Collecting map data' on frame 29
'Collecting map data' on frame 30
'Collecting map data' on frame 31
'Collecting map data' on frame 32
'Collecting map data' on frame 33
'Collecting map data' on frame 34
'Collecting map data' on frame 35
'Collecting map data' on frame 36
'Collecting map data' on frame 37
'Collecting map data' on frame 38
'Collecting map data' on frame 39
'Collecting map data' on frame 40
'Collecting map data' on frame 41
'Collecting map data' on frame 42
'Collecting map data' on frame 43
'Collecting map data' on frame 44
'Collecting map data' on frame 45
'Collecting map data' on frame 46
Drawing preview
'Drawing preview' on frame 0
Script 'SDK' line 0: SystemExit occured.

(eval):129:in `exit'exit

Backtrace:
'SDK' line 0(eval) 129:in `update'
'SDK' line 0(eval) 129:in `update'
'SDK_Scene_Base' line 110 in `update_modules'
'SDK_Scene_Base' line 91 in `main_loop'
'SDK_Scene_Base' line 47 in `main'
'SDK_Scene_Base' line 46 in `loop'
'SDK_Scene_Base' line 49 in `main'
'Main' line 12

===============================================================================
Sat May 04 00:18:57 Hora de verano romance 2024
-------------------------------------------------------------------------------
Collecting map data
'Collecting map data' on frame 0
'Collecting map data' on frame 1
'Collecting map data' on frame 2
'Collecting map data' on frame 3
'Collecting map data' on frame 4
'Collecting map data' on frame 5
'Collecting map data' on frame 6
'Collecting map data' on frame 7
'Collecting map data' on frame 8
'Collecting map data' on frame 9
'Collecting map data' on frame 10
'Collecting map data' on frame 11
'Collecting map data' on frame 12
'Collecting map data' on frame 13
'Collecting map data' on frame 14
'Collecting map data' on frame 15
'Collecting map data' on frame 16
'Collecting map data' on frame 17
'Collecting map data' on frame 18
'Collecting map data' on frame 19
'Collecting map data' on frame 20
Drawing preview
'Drawing preview' on frame 0
Saving "lavabo vecino 3"
'Saving "lavabo vecino 3"' on frame 0
'Saving "lavabo vecino 3"' on frame 1
'Saving "lavabo vecino 3"' on frame 2
'Saving "lavabo vecino 3"' on frame 3
'Saving "lavabo vecino 3"' on frame 4
'Saving "lavabo vecino 3"' on frame 5
'Saving "lavabo vecino 3"' on frame 6
'Saving "lavabo vecino 3"' on frame 7
'Saving "lavabo vecino 3"' on frame 8
'Saving "lavabo vecino 3"' on frame 9
'Saving "lavabo vecino 3"' on frame 10
'Saving "lavabo vecino 3"' on frame 11
'Saving "lavabo vecino 3"' on frame 12
'Saving "lavabo vecino 3"' on frame 13
'Saving "lavabo vecino 3"' on frame 14
'Saving "lavabo vecino 3"' on frame 15
'Saving "lavabo vecino 3"' on frame 16
'Saving "lavabo vecino 3"' on frame 17
'Saving "lavabo vecino 3"' on frame 18
'Saving "lavabo vecino 3"' on frame 19
'Saving "lavabo vecino 3"' on frame 20
'Saving "lavabo vecino 3"' on frame 21
'Saving "lavabo vecino 3"' on frame 22
'Saving "lavabo vecino 3"' on frame 23
'Saving "lavabo vecino 3"' on frame 24
'Saving "lavabo vecino 3"' on frame 25
'Saving "lavabo vecino 3"' on frame 26
'Saving "lavabo vecino 3"' on frame 27
'Saving "lavabo vecino 3"' on frame 28
'Saving "lavabo vecino 3"' on frame 29
'Saving "lavabo vecino 3"' on frame 30
'Saving "lavabo vecino 3"' on frame 31
'Saving "lavabo vecino 3"' on frame 32
'Saving "lavabo vecino 3"' on frame 33
'Saving "lavabo vecino 3"' on frame 34
'Saving "lavabo vecino 3"' on frame 35
'Saving "lavabo vecino 3"' on frame 36
'Saving "lavabo vecino 3"' on frame 37
'Saving "lavabo vecino 3"' on frame 38
'Saving "lavabo vecino 3"' on frame 39
'Saving "lavabo vecino 3"' on frame 40
'Saving "lavabo vecino 3"' on frame 41
'Saving "lavabo vecino 3"' on frame 42
'Saving "lavabo vecino 3"' on frame 43
'Saving "lavabo vecino 3"' on frame 44
'Saving "lavabo vecino 3"' on frame 45
'Saving "lavabo vecino 3"' on frame 46
'Saving "lavabo vecino 3"' on frame 47
'Saving "lavabo vecino 3"' on frame 48
'Saving "lavabo vecino 3"' on frame 49
'Saving "lavabo vecino 3"' on frame 50
'Saving "lavabo vecino 3"' on frame 51
'Saving "lavabo vecino 3"' on frame 52
'Saving "lavabo vecino 3"' on frame 53
'Saving "lavabo vecino 3"' on frame 54
'Saving "lavabo vecino 3"' on frame 55
'Saving "lavabo vecino 3"' on frame 56
'Saving "lavabo vecino 3"' on frame 57
'Saving "lavabo vecino 3"' on frame 58
'Saving "lavabo vecino 3"' on frame 59
'Saving "lavabo vecino 3"' on frame 60
'Saving "lavabo vecino 3"' on frame 61
'Saving "lavabo vecino 3"' on frame 62
'Saving "lavabo vecino 3"' on frame 63
'Saving "lavabo vecino 3"' on frame 64
'Saving "lavabo vecino 3"' on frame 65
'Saving "lavabo vecino 3"' on frame 66
'Saving "lavabo vecino 3"' on frame 67
'Saving "lavabo vecino 3"' on frame 68
'Saving "lavabo vecino 3"' on frame 69
'Saving "lavabo vecino 3"' on frame 70
'Saving "lavabo vecino 3"' on frame 71
'Saving "lavabo vecino 3"' on frame 72
'Saving "lavabo vecino 3"' on frame 73
'Saving "lavabo vecino 3"' on frame 74
'Saving "lavabo vecino 3"' on frame 75
'Saving "lavabo vecino 3"' on frame 76
'Saving "lavabo vecino 3"' on frame 77
'Saving "lavabo vecino 3"' on frame 78
'Saving "lavabo vecino 3"' on frame 79
'Saving "lavabo vecino 3"' on frame 80
'Saving "lavabo vecino 3"' on frame 81
'Saving "lavabo vecino 3"' on frame 82
'Saving "lavabo vecino 3"' on frame 83
'Saving "lavabo vecino 3"' on frame 84
'Saving "lavabo vecino 3"' on frame 85
'Saving "lavabo vecino 3"' on frame 86
'Saving "lavabo vecino 3"' on frame 87
'Saving "lavabo vecino 3"' on frame 88
'Saving "lavabo vecino 3"' on frame 89
'Saving "lavabo vecino 3"' on frame 90
'Saving "lavabo vecino 3"' on frame 91
'Saving "lavabo vecino 3"' on frame 92
'Saving "lavabo vecino 3"' on frame 93
'Saving "lavabo vecino 3"' on frame 94
'Saving "lavabo vecino 3"' on frame 95
'Saving "lavabo vecino 3"' on frame 96
'Saving "lavabo vecino 3"' on frame 97
'Saving "lavabo vecino 3"' on frame 98
'Saving "lavabo vecino 3"' on frame 99
Script 'SDK' line 0: SystemExit occured.

(eval):129:in `exit'exit

Backtrace:
'SDK' line 0(eval) 129:in `update'
'SDK' line 0(eval) 129:in `update'
'SDK_Scene_Base' line 110 in `update_modules'
'SDK_Scene_Base' line 91 in `main_loop'
'SDK_Scene_Base' line 47 in `main'
'SDK_Scene_Base' line 46 in `loop'
'SDK_Scene_Base' line 49 in `main'
'Main' line 12

===============================================================================
Fri Jul 12 17:22:16 Hora de verano romance 2024
-------------------------------------------------------------------------------
Collecting map data
'Collecting map data' on frame 0
'Collecting map data' on frame 1
'Collecting map data' on frame 2
'Collecting map data' on frame 3
'Collecting map data' on frame 4
'Collecting map data' on frame 5
'Collecting map data' on frame 6
'Collecting map data' on frame 7
'Collecting map data' on frame 8
'Collecting map data' on frame 9
'Collecting map data' on frame 10
'Collecting map data' on frame 11
'Collecting map data' on frame 12
'Collecting map data' on frame 13
'Collecting map data' on frame 14
'Collecting map data' on frame 15
'Collecting map data' on frame 16
'Collecting map data' on frame 17
'Collecting map data' on frame 18
'Collecting map data' on frame 19
'Collecting map data' on frame 20
Drawing preview
'Drawing preview' on frame 0
Script 'SDK' line 0: SystemExit occured.

(eval):129:in `exit'exit

Backtrace:
'SDK' line 0(eval) 129:in `update'
'SDK' line 0(eval) 129:in `update'
'SDK_Scene_Base' line 110 in `update_modules'
'SDK_Scene_Base' line 91 in `main_loop'
'SDK_Scene_Base' line 47 in `main'
'SDK_Scene_Base' line 46 in `loop'
'SDK_Scene_Base' line 49 in `main'
'Main' line 12

===============================================================================
Fri Jul 12 19:58:08 Hora de verano romance 2024
-------------------------------------------------------------------------------
Collecting map data
'Collecting map data' on frame 0
'Collecting map data' on frame 1
'Collecting map data' on frame 2
'Collecting map data' on frame 3
'Collecting map data' on frame 4
'Collecting map data' on frame 5
'Collecting map data' on frame 6
'Collecting map data' on frame 7
'Collecting map data' on frame 8
'Collecting map data' on frame 9
'Collecting map data' on frame 10
'Collecting map data' on frame 11
'Collecting map data' on frame 12
'Collecting map data' on frame 13
'Collecting map data' on frame 14
'Collecting map data' on frame 15
'Collecting map data' on frame 16
'Collecting map data' on frame 17
'Collecting map data' on frame 18
'Collecting map data' on frame 19
'Collecting map data' on frame 20
'Collecting map data' on frame 21
'Collecting map data' on frame 22
'Collecting map data' on frame 23
'Collecting map data' on frame 24
'Collecting map data' on frame 25
'Collecting map data' on frame 26
'Collecting map data' on frame 27
'Collecting map data' on frame 28
'Collecting map data' on frame 29
'Collecting map data' on frame 30
'Collecting map data' on frame 31
'Collecting map data' on frame 32
'Collecting map data' on frame 33
'Collecting map data' on frame 34
'Collecting map data' on frame 35
'Collecting map data' on frame 36
'Collecting map data' on frame 37
'Collecting map data' on frame 38
'Collecting map data' on frame 39
'Collecting map data' on frame 40
'Collecting map data' on frame 41
'Collecting map data' on frame 42
'Collecting map data' on frame 43
'Collecting map data' on frame 44
'Collecting map data' on frame 45
'Collecting map data' on frame 46
'Collecting map data' on frame 47
'Collecting map data' on frame 48
'Collecting map data' on frame 49
'Collecting map data' on frame 50
'Collecting map data' on frame 51
'Collecting map data' on frame 52
'Collecting map data' on frame 53
'Collecting map data' on frame 54
'Collecting map data' on frame 55
'Collecting map data' on frame 56
'Collecting map data' on frame 57
'Collecting map data' on frame 58
'Collecting map data' on frame 59
'Collecting map data' on frame 60
'Collecting map data' on frame 61
'Collecting map data' on frame 62
'Collecting map data' on frame 63
'Collecting map data' on frame 64
'Collecting map data' on frame 65
'Collecting map data' on frame 66
'Collecting map data' on frame 67
'Collecting map data' on frame 68
'Collecting map data' on frame 69
'Collecting map data' on frame 70
'Collecting map data' on frame 71
'Collecting map data' on frame 72
'Collecting map data' on frame 73
'Collecting map data' on frame 74
'Collecting map data' on frame 75
'Collecting map data' on frame 76
'Collecting map data' on frame 77
'Collecting map data' on frame 78
'Collecting map data' on frame 79
'Collecting map data' on frame 80
Drawing preview
'Drawing preview' on frame 0
'Drawing preview' on frame 1000
'Drawing preview' on frame 2000
'Drawing preview' on frame 3000
'Drawing preview' on frame 4000
'Drawing preview' on frame 5000
'Drawing preview' on frame 6000
'Drawing preview' on frame 7000
'Drawing preview' on frame 8000
'Drawing preview' on frame 9000
'Drawing preview' on frame 10000
'Drawing preview' on frame 11000
'Drawing preview' on frame 12000
'Drawing preview' on frame 13000
Saving "Pasillo Ruinas 1"
'Saving "Pasillo Ruinas 1"' on frame 0
'Saving "Pasillo Ruinas 1"' on frame 1
'Saving "Pasillo Ruinas 1"' on frame 2
'Saving "Pasillo Ruinas 1"' on frame 3
'Saving "Pasillo Ruinas 1"' on frame 4
'Saving "Pasillo Ruinas 1"' on frame 5
'Saving "Pasillo Ruinas 1"' on frame 6
'Saving "Pasillo Ruinas 1"' on frame 7
'Saving "Pasillo Ruinas 1"' on frame 8
'Saving "Pasillo Ruinas 1"' on frame 9
'Saving "Pasillo Ruinas 1"' on frame 10
'Saving "Pasillo Ruinas 1"' on frame 11
'Saving "Pasillo Ruinas 1"' on frame 12
'Saving "Pasillo Ruinas 1"' on frame 13
'Saving "Pasillo Ruinas 1"' on frame 14
'Saving "Pasillo Ruinas 1"' on frame 15
'Saving "Pasillo Ruinas 1"' on frame 16
'Saving "Pasillo Ruinas 1"' on frame 17
'Saving "Pasillo Ruinas 1"' on frame 18
'Saving "Pasillo Ruinas 1"' on frame 19
'Saving "Pasillo Ruinas 1"' on frame 20
'Saving "Pasillo Ruinas 1"' on frame 21
'Saving "Pasillo Ruinas 1"' on frame 22
'Saving "Pasillo Ruinas 1"' on frame 23
'Saving "Pasillo Ruinas 1"' on frame 24
'Saving "Pasillo Ruinas 1"' on frame 25
'Saving "Pasillo Ruinas 1"' on frame 26
'Saving "Pasillo Ruinas 1"' on frame 27
'Saving "Pasillo Ruinas 1"' on frame 28
'Saving "Pasillo Ruinas 1"' on frame 29
'Saving "Pasillo Ruinas 1"' on frame 30
'Saving "Pasillo Ruinas 1"' on frame 31
'Saving "Pasillo Ruinas 1"' on frame 32
'Saving "Pasillo Ruinas 1"' on frame 33
'Saving "Pasillo Ruinas 1"' on frame 34
'Saving "Pasillo Ruinas 1"' on frame 35
'Saving "Pasillo Ruinas 1"' on frame 36
'Saving "Pasillo Ruinas 1"' on frame 37
'Saving "Pasillo Ruinas 1"' on frame 38
'Saving "Pasillo Ruinas 1"' on frame 39
'Saving "Pasillo Ruinas 1"' on frame 40
'Saving "Pasillo Ruinas 1"' on frame 41
'Saving "Pasillo Ruinas 1"' on frame 42
'Saving "Pasillo Ruinas 1"' on frame 43
'Saving "Pasillo Ruinas 1"' on frame 44
'Saving "Pasillo Ruinas 1"' on frame 45
'Saving "Pasillo Ruinas 1"' on frame 46
'Saving "Pasillo Ruinas 1"' on frame 47
'Saving "Pasillo Ruinas 1"' on frame 48
'Saving "Pasillo Ruinas 1"' on frame 49
'Saving "Pasillo Ruinas 1"' on frame 50
'Saving "Pasillo Ruinas 1"' on frame 51
'Saving "Pasillo Ruinas 1"' on frame 52
'Saving "Pasillo Ruinas 1"' on frame 53
'Saving "Pasillo Ruinas 1"' on frame 54
'Saving "Pasillo Ruinas 1"' on frame 55
'Saving "Pasillo Ruinas 1"' on frame 56
'Saving "Pasillo Ruinas 1"' on frame 57
'Saving "Pasillo Ruinas 1"' on frame 58
'Saving "Pasillo Ruinas 1"' on frame 59
'Saving "Pasillo Ruinas 1"' on frame 60
'Saving "Pasillo Ruinas 1"' on frame 61
'Saving "Pasillo Ruinas 1"' on frame 62
'Saving "Pasillo Ruinas 1"' on frame 63
'Saving "Pasillo Ruinas 1"' on frame 64
'Saving "Pasillo Ruinas 1"' on frame 65
'Saving "Pasillo Ruinas 1"' on frame 66
'Saving "Pasillo Ruinas 1"' on frame 67
'Saving "Pasillo Ruinas 1"' on frame 68
'Saving "Pasillo Ruinas 1"' on frame 69
'Saving "Pasillo Ruinas 1"' on frame 70
'Saving "Pasillo Ruinas 1"' on frame 71
'Saving "Pasillo Ruinas 1"' on frame 72
'Saving "Pasillo Ruinas 1"' on frame 73
'Saving "Pasillo Ruinas 1"' on frame 74
'Saving "Pasillo Ruinas 1"' on frame 75
'Saving "Pasillo Ruinas 1"' on frame 76
'Saving "Pasillo Ruinas 1"' on frame 77
'Saving "Pasillo Ruinas 1"' on frame 78
'Saving "Pasillo Ruinas 1"' on frame 79
'Saving "Pasillo Ruinas 1"' on frame 80
'Saving "Pasillo Ruinas 1"' on frame 81
'Saving "Pasillo Ruinas 1"' on frame 82
'Saving "Pasillo Ruinas 1"' on frame 83
'Saving "Pasillo Ruinas 1"' on frame 84
'Saving "Pasillo Ruinas 1"' on frame 85
'Saving "Pasillo Ruinas 1"' on frame 86
'Saving "Pasillo Ruinas 1"' on frame 87
'Saving "Pasillo Ruinas 1"' on frame 88
'Saving "Pasillo Ruinas 1"' on frame 89
'Saving "Pasillo Ruinas 1"' on frame 90
'Saving "Pasillo Ruinas 1"' on frame 91
'Saving "Pasillo Ruinas 1"' on frame 92
'Saving "Pasillo Ruinas 1"' on frame 93
'Saving "Pasillo Ruinas 1"' on frame 94
'Saving "Pasillo Ruinas 1"' on frame 95
'Saving "Pasillo Ruinas 1"' on frame 96
'Saving "Pasillo Ruinas 1"' on frame 97
'Saving "Pasillo Ruinas 1"' on frame 98
'Saving "Pasillo Ruinas 1"' on frame 99
Collecting map data
'Collecting map data' on frame 0
'Collecting map data' on frame 1
'Collecting map data' on frame 2
'Collecting map data' on frame 3
'Collecting map data' on frame 4
'Collecting map data' on frame 5
'Collecting map data' on frame 6
'Collecting map data' on frame 7
'Collecting map data' on frame 8
'Collecting map data' on frame 9
'Collecting map data' on frame 10
'Collecting map data' on frame 11
'Collecting map data' on frame 12
'Collecting map data' on frame 13
'Collecting map data' on frame 14
'Collecting map data' on frame 15
'Collecting map data' on frame 16
'Collecting map data' on frame 17
'Collecting map data' on frame 18
'Collecting map data' on frame 19
'Collecting map data' on frame 20
'Collecting map data' on frame 21
'Collecting map data' on frame 22
'Collecting map data' on frame 23
'Collecting map data' on frame 24
'Collecting map data' on frame 25
'Collecting map data' on frame 26
'Collecting map data' on frame 27
'Collecting map data' on frame 28
'Collecting map data' on frame 29
'Collecting map data' on frame 30
'Collecting map data' on frame 31
'Collecting map data' on frame 32
'Collecting map data' on frame 33
'Collecting map data' on frame 34
'Collecting map data' on frame 35
Drawing preview
'Drawing preview' on frame 0
'Drawing preview' on frame 1000
Collecting map data
'Collecting map data' on frame 0
'Collecting map data' on frame 1
'Collecting map data' on frame 2
'Collecting map data' on frame 3
'Collecting map data' on frame 4
'Collecting map data' on frame 5
'Collecting map data' on frame 6
'Collecting map data' on frame 7
'Collecting map data' on frame 8
'Collecting map data' on frame 9
'Collecting map data' on frame 10
'Collecting map data' on frame 11
'Collecting map data' on frame 12
'Collecting map data' on frame 13
'Collecting map data' on frame 14
'Collecting map data' on frame 15
'Collecting map data' on frame 16
'Collecting map data' on frame 17
'Collecting map data' on frame 18
'Collecting map data' on frame 19
'Collecting map data' on frame 20
'Collecting map data' on frame 21
'Collecting map data' on frame 22
'Collecting map data' on frame 23
'Collecting map data' on frame 24
'Collecting map data' on frame 25
'Collecting map data' on frame 26
'Collecting map data' on frame 27
'Collecting map data' on frame 28
'Collecting map data' on frame 29
'Collecting map data' on frame 30
'Collecting map data' on frame 31
'Collecting map data' on frame 32
'Collecting map data' on frame 33
'Collecting map data' on frame 34
'Collecting map data' on frame 35
'Collecting map data' on frame 36
'Collecting map data' on frame 37
'Collecting map data' on frame 38
'Collecting map data' on frame 39
'Collecting map data' on frame 40
Drawing preview
'Drawing preview' on frame 0
'Drawing preview' on frame 1000
'Drawing preview' on frame 2000
'Drawing preview' on frame 3000
Saving "Pueblo Palmeras"
'Saving "Pueblo Palmeras"' on frame 0
'Saving "Pueblo Palmeras"' on frame 1
'Saving "Pueblo Palmeras"' on frame 2
'Saving "Pueblo Palmeras"' on frame 3
'Saving "Pueblo Palmeras"' on frame 4
'Saving "Pueblo Palmeras"' on frame 5
'Saving "Pueblo Palmeras"' on frame 6
'Saving "Pueblo Palmeras"' on frame 7
'Saving "Pueblo Palmeras"' on frame 8
'Saving "Pueblo Palmeras"' on frame 9
'Saving "Pueblo Palmeras"' on frame 10
'Saving "Pueblo Palmeras"' on frame 11
'Saving "Pueblo Palmeras"' on frame 12
'Saving "Pueblo Palmeras"' on frame 13
'Saving "Pueblo Palmeras"' on frame 14
'Saving "Pueblo Palmeras"' on frame 15
'Saving "Pueblo Palmeras"' on frame 16
'Saving "Pueblo Palmeras"' on frame 17
'Saving "Pueblo Palmeras"' on frame 18
'Saving "Pueblo Palmeras"' on frame 19
'Saving "Pueblo Palmeras"' on frame 20
'Saving "Pueblo Palmeras"' on frame 21
'Saving "Pueblo Palmeras"' on frame 22
'Saving "Pueblo Palmeras"' on frame 23
'Saving "Pueblo Palmeras"' on frame 24
'Saving "Pueblo Palmeras"' on frame 25
'Saving "Pueblo Palmeras"' on frame 26
'Saving "Pueblo Palmeras"' on frame 27
'Saving "Pueblo Palmeras"' on frame 28
'Saving "Pueblo Palmeras"' on frame 29
'Saving "Pueblo Palmeras"' on frame 30
'Saving "Pueblo Palmeras"' on frame 31
'Saving "Pueblo Palmeras"' on frame 32
'Saving "Pueblo Palmeras"' on frame 33
'Saving "Pueblo Palmeras"' on frame 34
'Saving "Pueblo Palmeras"' on frame 35
'Saving "Pueblo Palmeras"' on frame 36
'Saving "Pueblo Palmeras"' on frame 37
'Saving "Pueblo Palmeras"' on frame 38
'Saving "Pueblo Palmeras"' on frame 39
'Saving "Pueblo Palmeras"' on frame 40
'Saving "Pueblo Palmeras"' on frame 41
'Saving "Pueblo Palmeras"' on frame 42
'Saving "Pueblo Palmeras"' on frame 43
'Saving "Pueblo Palmeras"' on frame 44
'Saving "Pueblo Palmeras"' on frame 45
'Saving "Pueblo Palmeras"' on frame 46
'Saving "Pueblo Palmeras"' on frame 47
'Saving "Pueblo Palmeras"' on frame 48
'Saving "Pueblo Palmeras"' on frame 49
'Saving "Pueblo Palmeras"' on frame 50
'Saving "Pueblo Palmeras"' on frame 51
'Saving "Pueblo Palmeras"' on frame 52
'Saving "Pueblo Palmeras"' on frame 53
'Saving "Pueblo Palmeras"' on frame 54
'Saving "Pueblo Palmeras"' on frame 55
'Saving "Pueblo Palmeras"' on frame 56
'Saving "Pueblo Palmeras"' on frame 57
'Saving "Pueblo Palmeras"' on frame 58
'Saving "Pueblo Palmeras"' on frame 59
'Saving "Pueblo Palmeras"' on frame 60
'Saving "Pueblo Palmeras"' on frame 61
'Saving "Pueblo Palmeras"' on frame 62
'Saving "Pueblo Palmeras"' on frame 63
'Saving "Pueblo Palmeras"' on frame 64
'Saving "Pueblo Palmeras"' on frame 65
'Saving "Pueblo Palmeras"' on frame 66
'Saving "Pueblo Palmeras"' on frame 67
'Saving "Pueblo Palmeras"' on frame 68
'Saving "Pueblo Palmeras"' on frame 69
'Saving "Pueblo Palmeras"' on frame 70
'Saving "Pueblo Palmeras"' on frame 71
'Saving "Pueblo Palmeras"' on frame 72
'Saving "Pueblo Palmeras"' on frame 73
'Saving "Pueblo Palmeras"' on frame 74
'Saving "Pueblo Palmeras"' on frame 75
'Saving "Pueblo Palmeras"' on frame 76
'Saving "Pueblo Palmeras"' on frame 77
'Saving "Pueblo Palmeras"' on frame 78
'Saving "Pueblo Palmeras"' on frame 79
'Saving "Pueblo Palmeras"' on frame 80
'Saving "Pueblo Palmeras"' on frame 81
'Saving "Pueblo Palmeras"' on frame 82
'Saving "Pueblo Palmeras"' on frame 83
'Saving "Pueblo Palmeras"' on frame 84
'Saving "Pueblo Palmeras"' on frame 85
'Saving "Pueblo Palmeras"' on frame 86
'Saving "Pueblo Palmeras"' on frame 87
'Saving "Pueblo Palmeras"' on frame 88
'Saving "Pueblo Palmeras"' on frame 89
'Saving "Pueblo Palmeras"' on frame 90
'Saving "Pueblo Palmeras"' on frame 91
'Saving "Pueblo Palmeras"' on frame 92
'Saving "Pueblo Palmeras"' on frame 93
'Saving "Pueblo Palmeras"' on frame 94
'Saving "Pueblo Palmeras"' on frame 95
'Saving "Pueblo Palmeras"' on frame 96
'Saving "Pueblo Palmeras"' on frame 97
'Saving "Pueblo Palmeras"' on frame 98
'Saving "Pueblo Palmeras"' on frame 99
Collecting map data
'Collecting map data' on frame 0
'Collecting map data' on frame 1
'Collecting map data' on frame 2
'Collecting map data' on frame 3
'Collecting map data' on frame 4
'Collecting map data' on frame 5
'Collecting map data' on frame 6
'Collecting map data' on frame 7
'Collecting map data' on frame 8
'Collecting map data' on frame 9
'Collecting map data' on frame 10
'Collecting map data' on frame 11
'Collecting map data' on frame 12
'Collecting map data' on frame 13
'Collecting map data' on frame 14
'Collecting map data' on frame 15
'Collecting map data' on frame 16
'Collecting map data' on frame 17
'Collecting map data' on frame 18
'Collecting map data' on frame 19
'Collecting map data' on frame 20
'Collecting map data' on frame 21
'Collecting map data' on frame 22
'Collecting map data' on frame 23
'Collecting map data' on frame 24
'Collecting map data' on frame 25
'Collecting map data' on frame 26
'Collecting map data' on frame 27
'Collecting map data' on frame 28
'Collecting map data' on frame 29
'Collecting map data' on frame 30
Drawing preview
'Drawing preview' on frame 0
'Drawing preview' on frame 1000
'Drawing preview' on frame 2000
Saving "Gym Planta"
'Saving "Gym Planta"' on frame 0
'Saving "Gym Planta"' on frame 1
'Saving "Gym Planta"' on frame 2
'Saving "Gym Planta"' on frame 3
'Saving "Gym Planta"' on frame 4
'Saving "Gym Planta"' on frame 5
'Saving "Gym Planta"' on frame 6
'Saving "Gym Planta"' on frame 7
'Saving "Gym Planta"' on frame 8
'Saving "Gym Planta"' on frame 9
'Saving "Gym Planta"' on frame 10
'Saving "Gym Planta"' on frame 11
'Saving "Gym Planta"' on frame 12
'Saving "Gym Planta"' on frame 13
'Saving "Gym Planta"' on frame 14
'Saving "Gym Planta"' on frame 15
'Saving "Gym Planta"' on frame 16
'Saving "Gym Planta"' on frame 17
'Saving "Gym Planta"' on frame 18
'Saving "Gym Planta"' on frame 19
'Saving "Gym Planta"' on frame 20
'Saving "Gym Planta"' on frame 21
'Saving "Gym Planta"' on frame 22
'Saving "Gym Planta"' on frame 23
'Saving "Gym Planta"' on frame 24
'Saving "Gym Planta"' on frame 25
'Saving "Gym Planta"' on frame 26
'Saving "Gym Planta"' on frame 27
'Saving "Gym Planta"' on frame 28
'Saving "Gym Planta"' on frame 29
'Saving "Gym Planta"' on frame 30
'Saving "Gym Planta"' on frame 31
'Saving "Gym Planta"' on frame 32
'Saving "Gym Planta"' on frame 33
'Saving "Gym Planta"' on frame 34
'Saving "Gym Planta"' on frame 35
'Saving "Gym Planta"' on frame 36
'Saving "Gym Planta"' on frame 37
'Saving "Gym Planta"' on frame 38
'Saving "Gym Planta"' on frame 39
'Saving "Gym Planta"' on frame 40
'Saving "Gym Planta"' on frame 41
'Saving "Gym Planta"' on frame 42
'Saving "Gym Planta"' on frame 43
'Saving "Gym Planta"' on frame 44
'Saving "Gym Planta"' on frame 45
'Saving "Gym Planta"' on frame 46
'Saving "Gym Planta"' on frame 47
'Saving "Gym Planta"' on frame 48
'Saving "Gym Planta"' on frame 49
'Saving "Gym Planta"' on frame 50
'Saving "Gym Planta"' on frame 51
'Saving "Gym Planta"' on frame 52
'Saving "Gym Planta"' on frame 53
'Saving "Gym Planta"' on frame 54
'Saving "Gym Planta"' on frame 55
'Saving "Gym Planta"' on frame 56
'Saving "Gym Planta"' on frame 57
'Saving "Gym Planta"' on frame 58
'Saving "Gym Planta"' on frame 59
'Saving "Gym Planta"' on frame 60
'Saving "Gym Planta"' on frame 61
'Saving "Gym Planta"' on frame 62
'Saving "Gym Planta"' on frame 63
'Saving "Gym Planta"' on frame 64
'Saving "Gym Planta"' on frame 65
'Saving "Gym Planta"' on frame 66
'Saving "Gym Planta"' on frame 67
'Saving "Gym Planta"' on frame 68
'Saving "Gym Planta"' on frame 69
'Saving "Gym Planta"' on frame 70
'Saving "Gym Planta"' on frame 71
'Saving "Gym Planta"' on frame 72
'Saving "Gym Planta"' on frame 73
'Saving "Gym Planta"' on frame 74
'Saving "Gym Planta"' on frame 75
'Saving "Gym Planta"' on frame 76
'Saving "Gym Planta"' on frame 77
'Saving "Gym Planta"' on frame 78
'Saving "Gym Planta"' on frame 79
'Saving "Gym Planta"' on frame 80
'Saving "Gym Planta"' on frame 81
'Saving "Gym Planta"' on frame 82
'Saving "Gym Planta"' on frame 83
'Saving "Gym Planta"' on frame 84
'Saving "Gym Planta"' on frame 85
'Saving "Gym Planta"' on frame 86
'Saving "Gym Planta"' on frame 87
'Saving "Gym Planta"' on frame 88
'Saving "Gym Planta"' on frame 89
'Saving "Gym Planta"' on frame 90
'Saving "Gym Planta"' on frame 91
'Saving "Gym Planta"' on frame 92
'Saving "Gym Planta"' on frame 93
'Saving "Gym Planta"' on frame 94
'Saving "Gym Planta"' on frame 95
'Saving "Gym Planta"' on frame 96
'Saving "Gym Planta"' on frame 97
'Saving "Gym Planta"' on frame 98
'Saving "Gym Planta"' on frame 99
Collecting map data
'Collecting map data' on frame 0
'Collecting map data' on frame 1
'Collecting map data' on frame 2
'Collecting map data' on frame 3
'Collecting map data' on frame 4
'Collecting map data' on frame 5
'Collecting map data' on frame 6
'Collecting map data' on frame 7
'Collecting map data' on frame 8
'Collecting map data' on frame 9
'Collecting map data' on frame 10
'Collecting map data' on frame 11
'Collecting map data' on frame 12
'Collecting map data' on frame 13
'Collecting map data' on frame 14
'Collecting map data' on frame 15
'Collecting map data' on frame 16
'Collecting map data' on frame 17
'Collecting map data' on frame 18
'Collecting map data' on frame 19
'Collecting map data' on frame 20
'Collecting map data' on frame 21
'Collecting map data' on frame 22
'Collecting map data' on frame 23
'Collecting map data' on frame 24
'Collecting map data' on frame 25
'Collecting map data' on frame 26
'Collecting map data' on frame 27
'Collecting map data' on frame 28
'Collecting map data' on frame 29
'Collecting map data' on frame 30
'Collecting map data' on frame 31
'Collecting map data' on frame 32
'Collecting map data' on frame 33
'Collecting map data' on frame 34
'Collecting map data' on frame 35
'Collecting map data' on frame 36
'Collecting map data' on frame 37
'Collecting map data' on frame 38
'Collecting map data' on frame 39
'Collecting map data' on frame 40
'Collecting map data' on frame 41
'Collecting map data' on frame 42
'Collecting map data' on frame 43
'Collecting map data' on frame 44
'Collecting map data' on frame 45
'Collecting map data' on frame 46
'Collecting map data' on frame 47
'Collecting map data' on frame 48
'Collecting map data' on frame 49
'Collecting map data' on frame 50
'Collecting map data' on frame 51
'Collecting map data' on frame 52
'Collecting map data' on frame 53
'Collecting map data' on frame 54
'Collecting map data' on frame 55
'Collecting map data' on frame 56
'Collecting map data' on frame 57
'Collecting map data' on frame 58
'Collecting map data' on frame 59
'Collecting map data' on frame 60
Drawing preview
'Drawing preview' on frame 0
'Drawing preview' on frame 1000
'Drawing preview' on frame 2000
'Drawing preview' on frame 3000
'Drawing preview' on frame 4000
'Drawing preview' on frame 5000
'Drawing preview' on frame 6000
'Drawing preview' on frame 7000
'Drawing preview' on frame 8000
'Drawing preview' on frame 9000
Saving "Prueba Captura"
'Saving "Prueba Captura"' on frame 0
'Saving "Prueba Captura"' on frame 1
'Saving "Prueba Captura"' on frame 2
'Saving "Prueba Captura"' on frame 3
'Saving "Prueba Captura"' on frame 4
'Saving "Prueba Captura"' on frame 5
'Saving "Prueba Captura"' on frame 6
'Saving "Prueba Captura"' on frame 7
'Saving "Prueba Captura"' on frame 8
'Saving "Prueba Captura"' on frame 9
'Saving "Prueba Captura"' on frame 10
'Saving "Prueba Captura"' on frame 11
'Saving "Prueba Captura"' on frame 12
'Saving "Prueba Captura"' on frame 13
'Saving "Prueba Captura"' on frame 14
'Saving "Prueba Captura"' on frame 15
'Saving "Prueba Captura"' on frame 16
'Saving "Prueba Captura"' on frame 17
'Saving "Prueba Captura"' on frame 18
'Saving "Prueba Captura"' on frame 19
'Saving "Prueba Captura"' on frame 20
'Saving "Prueba Captura"' on frame 21
'Saving "Prueba Captura"' on frame 22
'Saving "Prueba Captura"' on frame 23
'Saving "Prueba Captura"' on frame 24
'Saving "Prueba Captura"' on frame 25
'Saving "Prueba Captura"' on frame 26
'Saving "Prueba Captura"' on frame 27
'Saving "Prueba Captura"' on frame 28
'Saving "Prueba Captura"' on frame 29
'Saving "Prueba Captura"' on frame 30
'Saving "Prueba Captura"' on frame 31
'Saving "Prueba Captura"' on frame 32
'Saving "Prueba Captura"' on frame 33
'Saving "Prueba Captura"' on frame 34
'Saving "Prueba Captura"' on frame 35
'Saving "Prueba Captura"' on frame 36
'Saving "Prueba Captura"' on frame 37
'Saving "Prueba Captura"' on frame 38
'Saving "Prueba Captura"' on frame 39
'Saving "Prueba Captura"' on frame 40
'Saving "Prueba Captura"' on frame 41
'Saving "Prueba Captura"' on frame 42
'Saving "Prueba Captura"' on frame 43
'Saving "Prueba Captura"' on frame 44
'Saving "Prueba Captura"' on frame 45
'Saving "Prueba Captura"' on frame 46
'Saving "Prueba Captura"' on frame 47
'Saving "Prueba Captura"' on frame 48
'Saving "Prueba Captura"' on frame 49
'Saving "Prueba Captura"' on frame 50
'Saving "Prueba Captura"' on frame 51
'Saving "Prueba Captura"' on frame 52
'Saving "Prueba Captura"' on frame 53
'Saving "Prueba Captura"' on frame 54
'Saving "Prueba Captura"' on frame 55
'Saving "Prueba Captura"' on frame 56
'Saving "Prueba Captura"' on frame 57
'Saving "Prueba Captura"' on frame 58
'Saving "Prueba Captura"' on frame 59
'Saving "Prueba Captura"' on frame 60
'Saving "Prueba Captura"' on frame 61
'Saving "Prueba Captura"' on frame 62
'Saving "Prueba Captura"' on frame 63
'Saving "Prueba Captura"' on frame 64
'Saving "Prueba Captura"' on frame 65
'Saving "Prueba Captura"' on frame 66
'Saving "Prueba Captura"' on frame 67
'Saving "Prueba Captura"' on frame 68
'Saving "Prueba Captura"' on frame 69
'Saving "Prueba Captura"' on frame 70
'Saving "Prueba Captura"' on frame 71
'Saving "Prueba Captura"' on frame 72
'Saving "Prueba Captura"' on frame 73
'Saving "Prueba Captura"' on frame 74
'Saving "Prueba Captura"' on frame 75
'Saving "Prueba Captura"' on frame 76
'Saving "Prueba Captura"' on frame 77
'Saving "Prueba Captura"' on frame 78
'Saving "Prueba Captura"' on frame 79
'Saving "Prueba Captura"' on frame 80
'Saving "Prueba Captura"' on frame 81
'Saving "Prueba Captura"' on frame 82
'Saving "Prueba Captura"' on frame 83
'Saving "Prueba Captura"' on frame 84
'Saving "Prueba Captura"' on frame 85
'Saving "Prueba Captura"' on frame 86
'Saving "Prueba Captura"' on frame 87
'Saving "Prueba Captura"' on frame 88
'Saving "Prueba Captura"' on frame 89
'Saving "Prueba Captura"' on frame 90
'Saving "Prueba Captura"' on frame 91
'Saving "Prueba Captura"' on frame 92
'Saving "Prueba Captura"' on frame 93
'Saving "Prueba Captura"' on frame 94
'Saving "Prueba Captura"' on frame 95
'Saving "Prueba Captura"' on frame 96
'Saving "Prueba Captura"' on frame 97
'Saving "Prueba Captura"' on frame 98
'Saving "Prueba Captura"' on frame 99
Collecting map data
'Collecting map data' on frame 0
'Collecting map data' on frame 1
'Collecting map data' on frame 2
'Collecting map data' on frame 3
'Collecting map data' on frame 4
'Collecting map data' on frame 5
'Collecting map data' on frame 6
'Collecting map data' on frame 7
'Collecting map data' on frame 8
'Collecting map data' on frame 9
'Collecting map data' on frame 10
'Collecting map data' on frame 11
'Collecting map data' on frame 12
'Collecting map data' on frame 13
'Collecting map data' on frame 14
'Collecting map data' on frame 15
'Collecting map data' on frame 16
'Collecting map data' on frame 17
'Collecting map data' on frame 18
'Collecting map data' on frame 19
'Collecting map data' on frame 20
'Collecting map data' on frame 21
'Collecting map data' on frame 22
'Collecting map data' on frame 23
'Collecting map data' on frame 24
'Collecting map data' on frame 25
'Collecting map data' on frame 26
'Collecting map data' on frame 27
'Collecting map data' on frame 28
'Collecting map data' on frame 29
'Collecting map data' on frame 30
'Collecting map data' on frame 31
'Collecting map data' on frame 32
'Collecting map data' on frame 33
'Collecting map data' on frame 34
'Collecting map data' on frame 35
'Collecting map data' on frame 36
'Collecting map data' on frame 37
'Collecting map data' on frame 38
'Collecting map data' on frame 39
'Collecting map data' on frame 40
'Collecting map data' on frame 41
'Collecting map data' on frame 42
'Collecting map data' on frame 43
'Collecting map data' on frame 44
'Collecting map data' on frame 45
'Collecting map data' on frame 46
'Collecting map data' on frame 47
'Collecting map data' on frame 48
'Collecting map data' on frame 49
'Collecting map data' on frame 50
'Collecting map data' on frame 51
'Collecting map data' on frame 52
'Collecting map data' on frame 53
'Collecting map data' on frame 54
'Collecting map data' on frame 55
'Collecting map data' on frame 56
'Collecting map data' on frame 57
'Collecting map data' on frame 58
'Collecting map data' on frame 59
'Collecting map data' on frame 60
'Collecting map data' on frame 61
'Collecting map data' on frame 62
'Collecting map data' on frame 63
'Collecting map data' on frame 64
'Collecting map data' on frame 65
'Collecting map data' on frame 66
'Collecting map data' on frame 67
'Collecting map data' on frame 68
'Collecting map data' on frame 69
'Collecting map data' on frame 70
'Collecting map data' on frame 71
'Collecting map data' on frame 72
'Collecting map data' on frame 73
'Collecting map data' on frame 74
'Collecting map data' on frame 75
'Collecting map data' on frame 76
'Collecting map data' on frame 77
'Collecting map data' on frame 78
'Collecting map data' on frame 79
'Collecting map data' on frame 80
'Collecting map data' on frame 81
'Collecting map data' on frame 82
'Collecting map data' on frame 83
'Collecting map data' on frame 84
'Collecting map data' on frame 85
'Collecting map data' on frame 86
'Collecting map data' on frame 87
'Collecting map data' on frame 88
'Collecting map data' on frame 89
'Collecting map data' on frame 90
Drawing preview
'Drawing preview' on frame 0
'Drawing preview' on frame 1000
'Drawing preview' on frame 2000
'Drawing preview' on frame 3000
'Drawing preview' on frame 4000
'Drawing preview' on frame 5000
'Drawing preview' on frame 6000
Saving "Ruta incresa"
'Saving "Ruta incresa"' on frame 0
'Saving "Ruta incresa"' on frame 1
'Saving "Ruta incresa"' on frame 2
'Saving "Ruta incresa"' on frame 3
'Saving "Ruta incresa"' on frame 4
'Saving "Ruta incresa"' on frame 5
'Saving "Ruta incresa"' on frame 6
'Saving "Ruta incresa"' on frame 7
'Saving "Ruta incresa"' on frame 8
'Saving "Ruta incresa"' on frame 9
'Saving "Ruta incresa"' on frame 10
'Saving "Ruta incresa"' on frame 11
'Saving "Ruta incresa"' on frame 12
'Saving "Ruta incresa"' on frame 13
'Saving "Ruta incresa"' on frame 14
'Saving "Ruta incresa"' on frame 15
'Saving "Ruta incresa"' on frame 16
'Saving "Ruta incresa"' on frame 17
'Saving "Ruta incresa"' on frame 18
'Saving "Ruta incresa"' on frame 19
'Saving "Ruta incresa"' on frame 20
'Saving "Ruta incresa"' on frame 21
'Saving "Ruta incresa"' on frame 22
'Saving "Ruta incresa"' on frame 23
'Saving "Ruta incresa"' on frame 24
'Saving "Ruta incresa"' on frame 25
'Saving "Ruta incresa"' on frame 26
'Saving "Ruta incresa"' on frame 27
'Saving "Ruta incresa"' on frame 28
'Saving "Ruta incresa"' on frame 29
'Saving "Ruta incresa"' on frame 30
'Saving "Ruta incresa"' on frame 31
'Saving "Ruta incresa"' on frame 32
'Saving "Ruta incresa"' on frame 33
'Saving "Ruta incresa"' on frame 34
'Saving "Ruta incresa"' on frame 35
'Saving "Ruta incresa"' on frame 36
'Saving "Ruta incresa"' on frame 37
'Saving "Ruta incresa"' on frame 38
'Saving "Ruta incresa"' on frame 39
'Saving "Ruta incresa"' on frame 40
'Saving "Ruta incresa"' on frame 41
'Saving "Ruta incresa"' on frame 42
'Saving "Ruta incresa"' on frame 43
'Saving "Ruta incresa"' on frame 44
'Saving "Ruta incresa"' on frame 45
'Saving "Ruta incresa"' on frame 46
'Saving "Ruta incresa"' on frame 47
'Saving "Ruta incresa"' on frame 48
'Saving "Ruta incresa"' on frame 49
'Saving "Ruta incresa"' on frame 50
'Saving "Ruta incresa"' on frame 51
'Saving "Ruta incresa"' on frame 52
'Saving "Ruta incresa"' on frame 53
'Saving "Ruta incresa"' on frame 54
'Saving "Ruta incresa"' on frame 55
'Saving "Ruta incresa"' on frame 56
'Saving "Ruta incresa"' on frame 57
'Saving "Ruta incresa"' on frame 58
'Saving "Ruta incresa"' on frame 59
'Saving "Ruta incresa"' on frame 60
'Saving "Ruta incresa"' on frame 61
'Saving "Ruta incresa"' on frame 62
'Saving "Ruta incresa"' on frame 63
'Saving "Ruta incresa"' on frame 64
'Saving "Ruta incresa"' on frame 65
'Saving "Ruta incresa"' on frame 66
'Saving "Ruta incresa"' on frame 67
'Saving "Ruta incresa"' on frame 68
'Saving "Ruta incresa"' on frame 69
'Saving "Ruta incresa"' on frame 70
'Saving "Ruta incresa"' on frame 71
'Saving "Ruta incresa"' on frame 72
'Saving "Ruta incresa"' on frame 73
'Saving "Ruta incresa"' on frame 74
'Saving "Ruta incresa"' on frame 75
'Saving "Ruta incresa"' on frame 76
'Saving "Ruta incresa"' on frame 77
'Saving "Ruta incresa"' on frame 78
'Saving "Ruta incresa"' on frame 79
'Saving "Ruta incresa"' on frame 80
'Saving "Ruta incresa"' on frame 81
'Saving "Ruta incresa"' on frame 82
'Saving "Ruta incresa"' on frame 83
'Saving "Ruta incresa"' on frame 84
'Saving "Ruta incresa"' on frame 85
'Saving "Ruta incresa"' on frame 86
'Saving "Ruta incresa"' on frame 87
'Saving "Ruta incresa"' on frame 88
'Saving "Ruta incresa"' on frame 89
'Saving "Ruta incresa"' on frame 90
'Saving "Ruta incresa"' on frame 91
'Saving "Ruta incresa"' on frame 92
'Saving "Ruta incresa"' on frame 93
'Saving "Ruta incresa"' on frame 94
'Saving "Ruta incresa"' on frame 95
'Saving "Ruta incresa"' on frame 96
'Saving "Ruta incresa"' on frame 97
'Saving "Ruta incresa"' on frame 98
'Saving "Ruta incresa"' on frame 99
Collecting map data
'Collecting map data' on frame 0
'Collecting map data' on frame 1
'Collecting map data' on frame 2
'Collecting map data' on frame 3
'Collecting map data' on frame 4
'Collecting map data' on frame 5
'Collecting map data' on frame 6
'Collecting map data' on frame 7
'Collecting map data' on frame 8
'Collecting map data' on frame 9
'Collecting map data' on frame 10
'Collecting map data' on frame 11
'Collecting map data' on frame 12
'Collecting map data' on frame 13
'Collecting map data' on frame 14
'Collecting map data' on frame 15
'Collecting map data' on frame 16
'Collecting map data' on frame 17
'Collecting map data' on frame 18
'Collecting map data' on frame 19
'Collecting map data' on frame 20
'Collecting map data' on frame 21
'Collecting map data' on frame 22
'Collecting map data' on frame 23
'Collecting map data' on frame 24
'Collecting map data' on frame 25
'Collecting map data' on frame 26
'Collecting map data' on frame 27
'Collecting map data' on frame 28
'Collecting map data' on frame 29
'Collecting map data' on frame 30
Drawing preview
'Drawing preview' on frame 0
'Drawing preview' on frame 1000
'Drawing preview' on frame 2000
Saving "Ruta incresa 1.2"
'Saving "Ruta incresa 1.2"' on frame 0
'Saving "Ruta incresa 1.2"' on frame 1
'Saving "Ruta incresa 1.2"' on frame 2
'Saving "Ruta incresa 1.2"' on frame 3
'Saving "Ruta incresa 1.2"' on frame 4
'Saving "Ruta incresa 1.2"' on frame 5
'Saving "Ruta incresa 1.2"' on frame 6
'Saving "Ruta incresa 1.2"' on frame 7
'Saving "Ruta incresa 1.2"' on frame 8
'Saving "Ruta incresa 1.2"' on frame 9
'Saving "Ruta incresa 1.2"' on frame 10
'Saving "Ruta incresa 1.2"' on frame 11
'Saving "Ruta incresa 1.2"' on frame 12
'Saving "Ruta incresa 1.2"' on frame 13
'Saving "Ruta incresa 1.2"' on frame 14
'Saving "Ruta incresa 1.2"' on frame 15
'Saving "Ruta incresa 1.2"' on frame 16
'Saving "Ruta incresa 1.2"' on frame 17
'Saving "Ruta incresa 1.2"' on frame 18
'Saving "Ruta incresa 1.2"' on frame 19
'Saving "Ruta incresa 1.2"' on frame 20
'Saving "Ruta incresa 1.2"' on frame 21
'Saving "Ruta incresa 1.2"' on frame 22
'Saving "Ruta incresa 1.2"' on frame 23
'Saving "Ruta incresa 1.2"' on frame 24
'Saving "Ruta incresa 1.2"' on frame 25
'Saving "Ruta incresa 1.2"' on frame 26
'Saving "Ruta incresa 1.2"' on frame 27
'Saving "Ruta incresa 1.2"' on frame 28
'Saving "Ruta incresa 1.2"' on frame 29
'Saving "Ruta incresa 1.2"' on frame 30
'Saving "Ruta incresa 1.2"' on frame 31
'Saving "Ruta incresa 1.2"' on frame 32
'Saving "Ruta incresa 1.2"' on frame 33
'Saving "Ruta incresa 1.2"' on frame 34
'Saving "Ruta incresa 1.2"' on frame 35
'Saving "Ruta incresa 1.2"' on frame 36
'Saving "Ruta incresa 1.2"' on frame 37
'Saving "Ruta incresa 1.2"' on frame 38
'Saving "Ruta incresa 1.2"' on frame 39
'Saving "Ruta incresa 1.2"' on frame 40
'Saving "Ruta incresa 1.2"' on frame 41
'Saving "Ruta incresa 1.2"' on frame 42
'Saving "Ruta incresa 1.2"' on frame 43
'Saving "Ruta incresa 1.2"' on frame 44
'Saving "Ruta incresa 1.2"' on frame 45
'Saving "Ruta incresa 1.2"' on frame 46
'Saving "Ruta incresa 1.2"' on frame 47
'Saving "Ruta incresa 1.2"' on frame 48
'Saving "Ruta incresa 1.2"' on frame 49
'Saving "Ruta incresa 1.2"' on frame 50
'Saving "Ruta incresa 1.2"' on frame 51
'Saving "Ruta incresa 1.2"' on frame 52
'Saving "Ruta incresa 1.2"' on frame 53
'Saving "Ruta incresa 1.2"' on frame 54
'Saving "Ruta incresa 1.2"' on frame 55
'Saving "Ruta incresa 1.2"' on frame 56
'Saving "Ruta incresa 1.2"' on frame 57
'Saving "Ruta incresa 1.2"' on frame 58
'Saving "Ruta incresa 1.2"' on frame 59
'Saving "Ruta incresa 1.2"' on frame 60
'Saving "Ruta incresa 1.2"' on frame 61
'Saving "Ruta incresa 1.2"' on frame 62
'Saving "Ruta incresa 1.2"' on frame 63
'Saving "Ruta incresa 1.2"' on frame 64
'Saving "Ruta incresa 1.2"' on frame 65
'Saving "Ruta incresa 1.2"' on frame 66
'Saving "Ruta incresa 1.2"' on frame 67
'Saving "Ruta incresa 1.2"' on frame 68
'Saving "Ruta incresa 1.2"' on frame 69
'Saving "Ruta incresa 1.2"' on frame 70
'Saving "Ruta incresa 1.2"' on frame 71
'Saving "Ruta incresa 1.2"' on frame 72
'Saving "Ruta incresa 1.2"' on frame 73
'Saving "Ruta incresa 1.2"' on frame 74
'Saving "Ruta incresa 1.2"' on frame 75
'Saving "Ruta incresa 1.2"' on frame 76
'Saving "Ruta incresa 1.2"' on frame 77
'Saving "Ruta incresa 1.2"' on frame 78
'Saving "Ruta incresa 1.2"' on frame 79
'Saving "Ruta incresa 1.2"' on frame 80
'Saving "Ruta incresa 1.2"' on frame 81
'Saving "Ruta incresa 1.2"' on frame 82
'Saving "Ruta incresa 1.2"' on frame 83
'Saving "Ruta incresa 1.2"' on frame 84
'Saving "Ruta incresa 1.2"' on frame 85
'Saving "Ruta incresa 1.2"' on frame 86
'Saving "Ruta incresa 1.2"' on frame 87
'Saving "Ruta incresa 1.2"' on frame 88
'Saving "Ruta incresa 1.2"' on frame 89
'Saving "Ruta incresa 1.2"' on frame 90
'Saving "Ruta incresa 1.2"' on frame 91
'Saving "Ruta incresa 1.2"' on frame 92
'Saving "Ruta incresa 1.2"' on frame 93
'Saving "Ruta incresa 1.2"' on frame 94
'Saving "Ruta incresa 1.2"' on frame 95
'Saving "Ruta incresa 1.2"' on frame 96
'Saving "Ruta incresa 1.2"' on frame 97
'Saving "Ruta incresa 1.2"' on frame 98
'Saving "Ruta incresa 1.2"' on frame 99
Collecting map data
'Collecting map data' on frame 0
'Collecting map data' on frame 1
'Collecting map data' on frame 2
'Collecting map data' on frame 3
'Collecting map data' on frame 4
'Collecting map data' on frame 5
'Collecting map data' on frame 6
'Collecting map data' on frame 7
'Collecting map data' on frame 8
'Collecting map data' on frame 9
'Collecting map data' on frame 10
'Collecting map data' on frame 11
'Collecting map data' on frame 12
'Collecting map data' on frame 13
'Collecting map data' on frame 14
'Collecting map data' on frame 15
'Collecting map data' on frame 16
'Collecting map data' on frame 17
'Collecting map data' on frame 18
'Collecting map data' on frame 19
'Collecting map data' on frame 20
'Collecting map data' on frame 21
'Collecting map data' on frame 22
'Collecting map data' on frame 23
'Collecting map data' on frame 24
'Collecting map data' on frame 25
'Collecting map data' on frame 26
'Collecting map data' on frame 27
'Collecting map data' on frame 28
'Collecting map data' on frame 29
'Collecting map data' on frame 30
'Collecting map data' on frame 31
'Collecting map data' on frame 32
'Collecting map data' on frame 33
'Collecting map data' on frame 34
'Collecting map data' on frame 35
'Collecting map data' on frame 36
'Collecting map data' on frame 37
'Collecting map data' on frame 38
'Collecting map data' on frame 39
'Collecting map data' on frame 40
'Collecting map data' on frame 41
'Collecting map data' on frame 42
'Collecting map data' on frame 43
'Collecting map data' on frame 44
'Collecting map data' on frame 45
'Collecting map data' on frame 46
'Collecting map data' on frame 47
'Collecting map data' on frame 48
'Collecting map data' on frame 49
'Collecting map data' on frame 50
'Collecting map data' on frame 51
'Collecting map data' on frame 52
'Collecting map data' on frame 53
'Collecting map data' on frame 54
'Collecting map data' on frame 55
'Collecting map data' on frame 56
'Collecting map data' on frame 57
'Collecting map data' on frame 58
'Collecting map data' on frame 59
'Collecting map data' on frame 60
'Collecting map data' on frame 61
'Collecting map data' on frame 62
'Collecting map data' on frame 63
'Collecting map data' on frame 64
'Collecting map data' on frame 65
'Collecting map data' on frame 66
'Collecting map data' on frame 67
'Collecting map data' on frame 68
'Collecting map data' on frame 69
'Collecting map data' on frame 70
Drawing preview
'Drawing preview' on frame 0
'Drawing preview' on frame 1000
'Drawing preview' on frame 2000
'Drawing preview' on frame 3000
'Drawing preview' on frame 4000
'Drawing preview' on frame 5000
'Drawing preview' on frame 6000
Saving "Villa Mariona"
'Saving "Villa Mariona"' on frame 0
'Saving "Villa Mariona"' on frame 1
'Saving "Villa Mariona"' on frame 2
'Saving "Villa Mariona"' on frame 3
'Saving "Villa Mariona"' on frame 4
'Saving "Villa Mariona"' on frame 5
'Saving "Villa Mariona"' on frame 6
'Saving "Villa Mariona"' on frame 7
'Saving "Villa Mariona"' on frame 8
'Saving "Villa Mariona"' on frame 9
'Saving "Villa Mariona"' on frame 10
'Saving "Villa Mariona"' on frame 11
'Saving "Villa Mariona"' on frame 12
'Saving "Villa Mariona"' on frame 13
'Saving "Villa Mariona"' on frame 14
'Saving "Villa Mariona"' on frame 15
'Saving "Villa Mariona"' on frame 16
'Saving "Villa Mariona"' on frame 17
'Saving "Villa Mariona"' on frame 18
'Saving "Villa Mariona"' on frame 19
'Saving "Villa Mariona"' on frame 20
'Saving "Villa Mariona"' on frame 21
'Saving "Villa Mariona"' on frame 22
'Saving "Villa Mariona"' on frame 23
'Saving "Villa Mariona"' on frame 24
'Saving "Villa Mariona"' on frame 25
'Saving "Villa Mariona"' on frame 26
'Saving "Villa Mariona"' on frame 27
'Saving "Villa Mariona"' on frame 28
'Saving "Villa Mariona"' on frame 29
'Saving "Villa Mariona"' on frame 30
'Saving "Villa Mariona"' on frame 31
'Saving "Villa Mariona"' on frame 32
'Saving "Villa Mariona"' on frame 33
'Saving "Villa Mariona"' on frame 34
'Saving "Villa Mariona"' on frame 35
'Saving "Villa Mariona"' on frame 36
'Saving "Villa Mariona"' on frame 37
'Saving "Villa Mariona"' on frame 38
'Saving "Villa Mariona"' on frame 39
'Saving "Villa Mariona"' on frame 40
'Saving "Villa Mariona"' on frame 41
'Saving "Villa Mariona"' on frame 42
'Saving "Villa Mariona"' on frame 43
'Saving "Villa Mariona"' on frame 44
'Saving "Villa Mariona"' on frame 45
'Saving "Villa Mariona"' on frame 46
'Saving "Villa Mariona"' on frame 47
'Saving "Villa Mariona"' on frame 48
'Saving "Villa Mariona"' on frame 49
'Saving "Villa Mariona"' on frame 50
'Saving "Villa Mariona"' on frame 51
'Saving "Villa Mariona"' on frame 52
'Saving "Villa Mariona"' on frame 53
'Saving "Villa Mariona"' on frame 54
'Saving "Villa Mariona"' on frame 55
'Saving "Villa Mariona"' on frame 56
'Saving "Villa Mariona"' on frame 57
'Saving "Villa Mariona"' on frame 58
'Saving "Villa Mariona"' on frame 59
'Saving "Villa Mariona"' on frame 60
'Saving "Villa Mariona"' on frame 61
'Saving "Villa Mariona"' on frame 62
'Saving "Villa Mariona"' on frame 63
'Saving "Villa Mariona"' on frame 64
'Saving "Villa Mariona"' on frame 65
'Saving "Villa Mariona"' on frame 66
'Saving "Villa Mariona"' on frame 67
'Saving "Villa Mariona"' on frame 68
'Saving "Villa Mariona"' on frame 69
'Saving "Villa Mariona"' on frame 70
'Saving "Villa Mariona"' on frame 71
'Saving "Villa Mariona"' on frame 72
'Saving "Villa Mariona"' on frame 73
'Saving "Villa Mariona"' on frame 74
'Saving "Villa Mariona"' on frame 75
'Saving "Villa Mariona"' on frame 76
'Saving "Villa Mariona"' on frame 77
'Saving "Villa Mariona"' on frame 78
'Saving "Villa Mariona"' on frame 79
'Saving "Villa Mariona"' on frame 80
'Saving "Villa Mariona"' on frame 81
'Saving "Villa Mariona"' on frame 82
'Saving "Villa Mariona"' on frame 83
'Saving "Villa Mariona"' on frame 84
'Saving "Villa Mariona"' on frame 85
'Saving "Villa Mariona"' on frame 86
'Saving "Villa Mariona"' on frame 87
'Saving "Villa Mariona"' on frame 88
'Saving "Villa Mariona"' on frame 89
'Saving "Villa Mariona"' on frame 90
'Saving "Villa Mariona"' on frame 91
'Saving "Villa Mariona"' on frame 92
'Saving "Villa Mariona"' on frame 93
'Saving "Villa Mariona"' on frame 94
'Saving "Villa Mariona"' on frame 95
'Saving "Villa Mariona"' on frame 96
'Saving "Villa Mariona"' on frame 97
'Saving "Villa Mariona"' on frame 98
'Saving "Villa Mariona"' on frame 99
Script 'SDK' line 0: SystemExit occured.

(eval):129:in `exit'exit

Backtrace:
'SDK' line 0(eval) 129:in `update'
'SDK' line 0(eval) 129:in `update'
'SDK_Scene_Base' line 110 in `update_modules'
'SDK_Scene_Base' line 91 in `main_loop'
'SDK_Scene_Base' line 47 in `main'
'SDK_Scene_Base' line 46 in `loop'
'SDK_Scene_Base' line 49 in `main'
'Main' line 12

===============================================================================
Fri Aug 09 00:51:59 Hora de verano romance 2024
-------------------------------------------------------------------------------
Script 'SDK' line 0: SystemExit occured.

(eval):129:in `exit'exit

Backtrace:
'SDK' line 0(eval) 129:in `update'
'SDK' line 0(eval) 129:in `update'
'SDK_Scene_Base' line 110 in `update_modules'
'SDK_Scene_Base' line 91 in `main_loop'
'SDK_Scene_Base' line 47 in `main'
'SDK_Scene_Base' line 46 in `loop'
'SDK_Scene_Base' line 49 in `main'
'Main' line 12

===============================================================================
Mon Aug 12 15:01:26 Hora de verano romance 2024
-------------------------------------------------------------------------------
Collecting map data
'Collecting map data' on frame 0
'Collecting map data' on frame 1
'Collecting map data' on frame 2
'Collecting map data' on frame 3
'Collecting map data' on frame 4
'Collecting map data' on frame 5
'Collecting map data' on frame 6
'Collecting map data' on frame 7
'Collecting map data' on frame 8
'Collecting map data' on frame 9
'Collecting map data' on frame 10
'Collecting map data' on frame 11
'Collecting map data' on frame 12
'Collecting map data' on frame 13
'Collecting map data' on frame 14
'Collecting map data' on frame 15
'Collecting map data' on frame 16
'Collecting map data' on frame 17
'Collecting map data' on frame 18
'Collecting map data' on frame 19
'Collecting map data' on frame 20
'Collecting map data' on frame 21
'Collecting map data' on frame 22
'Collecting map data' on frame 23
'Collecting map data' on frame 24
'Collecting map data' on frame 25
'Collecting map data' on frame 26
'Collecting map data' on frame 27
'Collecting map data' on frame 28
'Collecting map data' on frame 29
'Collecting map data' on frame 30
'Collecting map data' on frame 31
'Collecting map data' on frame 32
'Collecting map data' on frame 33
'Collecting map data' on frame 34
'Collecting map data' on frame 35
'Collecting map data' on frame 36
'Collecting map data' on frame 37
'Collecting map data' on frame 38
'Collecting map data' on frame 39
'Collecting map data' on frame 40
'Collecting map data' on frame 41
'Collecting map data' on frame 42
'Collecting map data' on frame 43
'Collecting map data' on frame 44
'Collecting map data' on frame 45
'Collecting map data' on frame 46
'Collecting map data' on frame 47
'Collecting map data' on frame 48
'Collecting map data' on frame 49
'Collecting map data' on frame 50
'Collecting map data' on frame 51
'Collecting map data' on frame 52
'Collecting map data' on frame 53
'Collecting map data' on frame 54
'Collecting map data' on frame 55
'Collecting map data' on frame 56
'Collecting map data' on frame 57
'Collecting map data' on frame 58
'Collecting map data' on frame 59
'Collecting map data' on frame 60
'Collecting map data' on frame 61
'Collecting map data' on frame 62
'Collecting map data' on frame 63
'Collecting map data' on frame 64
'Collecting map data' on frame 65
'Collecting map data' on frame 66
'Collecting map data' on frame 67
'Collecting map data' on frame 68
'Collecting map data' on frame 69
'Collecting map data' on frame 70
'Collecting map data' on frame 71
'Collecting map data' on frame 72
'Collecting map data' on frame 73
'Collecting map data' on frame 74
'Collecting map data' on frame 75
'Collecting map data' on frame 76
'Collecting map data' on frame 77
'Collecting map data' on frame 78
'Collecting map data' on frame 79
'Collecting map data' on frame 80
Drawing preview
'Drawing preview' on frame 0
'Drawing preview' on frame 1000
'Drawing preview' on frame 2000
'Drawing preview' on frame 3000
'Drawing preview' on frame 4000
'Drawing preview' on frame 5000
'Drawing preview' on frame 6000
'Drawing preview' on frame 7000
'Drawing preview' on frame 8000
'Drawing preview' on frame 9000
'Drawing preview' on frame 10000
'Drawing preview' on frame 11000
'Drawing preview' on frame 12000
'Drawing preview' on frame 13000
Saving "Pasillo Ruinas 1"
'Saving "Pasillo Ruinas 1"' on frame 0
'Saving "Pasillo Ruinas 1"' on frame 1
'Saving "Pasillo Ruinas 1"' on frame 2
'Saving "Pasillo Ruinas 1"' on frame 3
'Saving "Pasillo Ruinas 1"' on frame 4
'Saving "Pasillo Ruinas 1"' on frame 5
'Saving "Pasillo Ruinas 1"' on frame 6
'Saving "Pasillo Ruinas 1"' on frame 7
'Saving "Pasillo Ruinas 1"' on frame 8
'Saving "Pasillo Ruinas 1"' on frame 9
'Saving "Pasillo Ruinas 1"' on frame 10
'Saving "Pasillo Ruinas 1"' on frame 11
'Saving "Pasillo Ruinas 1"' on frame 12
'Saving "Pasillo Ruinas 1"' on frame 13
'Saving "Pasillo Ruinas 1"' on frame 14
'Saving "Pasillo Ruinas 1"' on frame 15
'Saving "Pasillo Ruinas 1"' on frame 16
'Saving "Pasillo Ruinas 1"' on frame 17
'Saving "Pasillo Ruinas 1"' on frame 18
'Saving "Pasillo Ruinas 1"' on frame 19
'Saving "Pasillo Ruinas 1"' on frame 20
'Saving "Pasillo Ruinas 1"' on frame 21
'Saving "Pasillo Ruinas 1"' on frame 22
'Saving "Pasillo Ruinas 1"' on frame 23
'Saving "Pasillo Ruinas 1"' on frame 24
'Saving "Pasillo Ruinas 1"' on frame 25
'Saving "Pasillo Ruinas 1"' on frame 26
'Saving "Pasillo Ruinas 1"' on frame 27
'Saving "Pasillo Ruinas 1"' on frame 28
'Saving "Pasillo Ruinas 1"' on frame 29
'Saving "Pasillo Ruinas 1"' on frame 30
'Saving "Pasillo Ruinas 1"' on frame 31
'Saving "Pasillo Ruinas 1"' on frame 32
'Saving "Pasillo Ruinas 1"' on frame 33
'Saving "Pasillo Ruinas 1"' on frame 34
'Saving "Pasillo Ruinas 1"' on frame 35
'Saving "Pasillo Ruinas 1"' on frame 36
'Saving "Pasillo Ruinas 1"' on frame 37
'Saving "Pasillo Ruinas 1"' on frame 38
'Saving "Pasillo Ruinas 1"' on frame 39
'Saving "Pasillo Ruinas 1"' on frame 40
'Saving "Pasillo Ruinas 1"' on frame 41
'Saving "Pasillo Ruinas 1"' on frame 42
'Saving "Pasillo Ruinas 1"' on frame 43
'Saving "Pasillo Ruinas 1"' on frame 44
'Saving "Pasillo Ruinas 1"' on frame 45
'Saving "Pasillo Ruinas 1"' on frame 46
'Saving "Pasillo Ruinas 1"' on frame 47
'Saving "Pasillo Ruinas 1"' on frame 48
'Saving "Pasillo Ruinas 1"' on frame 49
'Saving "Pasillo Ruinas 1"' on frame 50
'Saving "Pasillo Ruinas 1"' on frame 51
'Saving "Pasillo Ruinas 1"' on frame 52
'Saving "Pasillo Ruinas 1"' on frame 53
'Saving "Pasillo Ruinas 1"' on frame 54
'Saving "Pasillo Ruinas 1"' on frame 55
'Saving "Pasillo Ruinas 1"' on frame 56
'Saving "Pasillo Ruinas 1"' on frame 57
'Saving "Pasillo Ruinas 1"' on frame 58
'Saving "Pasillo Ruinas 1"' on frame 59
'Saving "Pasillo Ruinas 1"' on frame 60
'Saving "Pasillo Ruinas 1"' on frame 61
'Saving "Pasillo Ruinas 1"' on frame 62
'Saving "Pasillo Ruinas 1"' on frame 63
'Saving "Pasillo Ruinas 1"' on frame 64
'Saving "Pasillo Ruinas 1"' on frame 65
'Saving "Pasillo Ruinas 1"' on frame 66
'Saving "Pasillo Ruinas 1"' on frame 67
'Saving "Pasillo Ruinas 1"' on frame 68
'Saving "Pasillo Ruinas 1"' on frame 69
'Saving "Pasillo Ruinas 1"' on frame 70
'Saving "Pasillo Ruinas 1"' on frame 71
'Saving "Pasillo Ruinas 1"' on frame 72
'Saving "Pasillo Ruinas 1"' on frame 73
'Saving "Pasillo Ruinas 1"' on frame 74
'Saving "Pasillo Ruinas 1"' on frame 75
'Saving "Pasillo Ruinas 1"' on frame 76
'Saving "Pasillo Ruinas 1"' on frame 77
'Saving "Pasillo Ruinas 1"' on frame 78
'Saving "Pasillo Ruinas 1"' on frame 79
'Saving "Pasillo Ruinas 1"' on frame 80
'Saving "Pasillo Ruinas 1"' on frame 81
'Saving "Pasillo Ruinas 1"' on frame 82
'Saving "Pasillo Ruinas 1"' on frame 83
'Saving "Pasillo Ruinas 1"' on frame 84
'Saving "Pasillo Ruinas 1"' on frame 85
'Saving "Pasillo Ruinas 1"' on frame 86
'Saving "Pasillo Ruinas 1"' on frame 87
'Saving "Pasillo Ruinas 1"' on frame 88
'Saving "Pasillo Ruinas 1"' on frame 89
'Saving "Pasillo Ruinas 1"' on frame 90
'Saving "Pasillo Ruinas 1"' on frame 91
'Saving "Pasillo Ruinas 1"' on frame 92
'Saving "Pasillo Ruinas 1"' on frame 93
'Saving "Pasillo Ruinas 1"' on frame 94
'Saving "Pasillo Ruinas 1"' on frame 95
'Saving "Pasillo Ruinas 1"' on frame 96
'Saving "Pasillo Ruinas 1"' on frame 97
'Saving "Pasillo Ruinas 1"' on frame 98
'Saving "Pasillo Ruinas 1"' on frame 99
Script 'SDK' line 0: SystemExit occured.

(eval):129:in `exit'exit

Backtrace:
'SDK' line 0(eval) 129:in `update'
'SDK' line 0(eval) 129:in `update'
'SDK_Scene_Base' line 110 in `update_modules'
'SDK_Scene_Base' line 91 in `main_loop'
'SDK_Scene_Base' line 47 in `main'
'SDK_Scene_Base' line 46 in `loop'
'SDK_Scene_Base' line 49 in `main'
'Main' line 12

===============================================================================
Mon Aug 12 15:11:34 Hora de verano romance 2024
-------------------------------------------------------------------------------
Collecting map data
'Collecting map data' on frame 0
'Collecting map data' on frame 1
'Collecting map data' on frame 2
'Collecting map data' on frame 3
'Collecting map data' on frame 4
'Collecting map data' on frame 5
'Collecting map data' on frame 6
'Collecting map data' on frame 7
'Collecting map data' on frame 8
'Collecting map data' on frame 9
'Collecting map data' on frame 10
'Collecting map data' on frame 11
'Collecting map data' on frame 12
'Collecting map data' on frame 13
'Collecting map data' on frame 14
'Collecting map data' on frame 15
'Collecting map data' on frame 16
'Collecting map data' on frame 17
'Collecting map data' on frame 18
'Collecting map data' on frame 19
'Collecting map data' on frame 20
'Collecting map data' on frame 21
'Collecting map data' on frame 22
'Collecting map data' on frame 23
'Collecting map data' on frame 24
'Collecting map data' on frame 25
'Collecting map data' on frame 26
'Collecting map data' on frame 27
'Collecting map data' on frame 28
'Collecting map data' on frame 29
'Collecting map data' on frame 30
'Collecting map data' on frame 31
'Collecting map data' on frame 32
'Collecting map data' on frame 33
'Collecting map data' on frame 34
'Collecting map data' on frame 35
'Collecting map data' on frame 36
'Collecting map data' on frame 37
'Collecting map data' on frame 38
'Collecting map data' on frame 39
'Collecting map data' on frame 40
'Collecting map data' on frame 41
'Collecting map data' on frame 42
'Collecting map data' on frame 43
'Collecting map data' on frame 44
'Collecting map data' on frame 45
'Collecting map data' on frame 46
'Collecting map data' on frame 47
'Collecting map data' on frame 48
'Collecting map data' on frame 49
'Collecting map data' on frame 50
'Collecting map data' on frame 51
'Collecting map data' on frame 52
'Collecting map data' on frame 53
'Collecting map data' on frame 54
'Collecting map data' on frame 55
'Collecting map data' on frame 56
'Collecting map data' on frame 57
'Collecting map data' on frame 58
'Collecting map data' on frame 59
'Collecting map data' on frame 60
'Collecting map data' on frame 61
'Collecting map data' on frame 62
'Collecting map data' on frame 63
'Collecting map data' on frame 64
'Collecting map data' on frame 65
'Collecting map data' on frame 66
'Collecting map data' on frame 67
'Collecting map data' on frame 68
'Collecting map data' on frame 69
'Collecting map data' on frame 70
'Collecting map data' on frame 71
'Collecting map data' on frame 72
'Collecting map data' on frame 73
'Collecting map data' on frame 74
'Collecting map data' on frame 75
'Collecting map data' on frame 76
'Collecting map data' on frame 77
'Collecting map data' on frame 78
'Collecting map data' on frame 79
'Collecting map data' on frame 80
Drawing preview
'Drawing preview' on frame 0
'Drawing preview' on frame 1000
'Drawing preview' on frame 2000
'Drawing preview' on frame 3000
'Drawing preview' on frame 4000
'Drawing preview' on frame 5000
'Drawing preview' on frame 6000
'Drawing preview' on frame 7000
'Drawing preview' on frame 8000
'Drawing preview' on frame 9000
'Drawing preview' on frame 10000
'Drawing preview' on frame 11000
'Drawing preview' on frame 12000
'Drawing preview' on frame 13000
Script 'SDK' line 0: SystemExit occured.

(eval):129:in `exit'exit

Backtrace:
'SDK' line 0(eval) 129:in `update'
'SDK' line 0(eval) 129:in `update'
'SDK_Scene_Base' line 110 in `update_modules'
'SDK_Scene_Base' line 91 in `main_loop'
'SDK_Scene_Base' line 47 in `main'
'SDK_Scene_Base' line 46 in `loop'
'SDK_Scene_Base' line 49 in `main'
'Main' line 12

===============================================================================
Mon Aug 12 17:41:29 Hora de verano romance 2024
-------------------------------------------------------------------------------
Collecting map data
'Collecting map data' on frame 0
'Collecting map data' on frame 1
'Collecting map data' on frame 2
'Collecting map data' on frame 3
'Collecting map data' on frame 4
'Collecting map data' on frame 5
'Collecting map data' on frame 6
'Collecting map data' on frame 7
'Collecting map data' on frame 8
'Collecting map data' on frame 9
'Collecting map data' on frame 10
'Collecting map data' on frame 11
'Collecting map data' on frame 12
'Collecting map data' on frame 13
'Collecting map data' on frame 14
'Collecting map data' on frame 15
'Collecting map data' on frame 16
'Collecting map data' on frame 17
'Collecting map data' on frame 18
'Collecting map data' on frame 19
'Collecting map data' on frame 20
'Collecting map data' on frame 21
'Collecting map data' on frame 22
'Collecting map data' on frame 23
'Collecting map data' on frame 24
'Collecting map data' on frame 25
'Collecting map data' on frame 26
'Collecting map data' on frame 27
'Collecting map data' on frame 28
'Collecting map data' on frame 29
'Collecting map data' on frame 30
'Collecting map data' on frame 31
'Collecting map data' on frame 32
'Collecting map data' on frame 33
'Collecting map data' on frame 34
'Collecting map data' on frame 35
'Collecting map data' on frame 36
'Collecting map data' on frame 37
'Collecting map data' on frame 38
'Collecting map data' on frame 39
'Collecting map data' on frame 40
'Collecting map data' on frame 41
'Collecting map data' on frame 42
'Collecting map data' on frame 43
'Collecting map data' on frame 44
'Collecting map data' on frame 45
'Collecting map data' on frame 46
'Collecting map data' on frame 47
'Collecting map data' on frame 48
'Collecting map data' on frame 49
'Collecting map data' on frame 50
'Collecting map data' on frame 51
'Collecting map data' on frame 52
'Collecting map data' on frame 53
'Collecting map data' on frame 54
'Collecting map data' on frame 55
'Collecting map data' on frame 56
'Collecting map data' on frame 57
'Collecting map data' on frame 58
'Collecting map data' on frame 59
'Collecting map data' on frame 60
'Collecting map data' on frame 61
'Collecting map data' on frame 62
'Collecting map data' on frame 63
'Collecting map data' on frame 64
'Collecting map data' on frame 65
'Collecting map data' on frame 66
'Collecting map data' on frame 67
'Collecting map data' on frame 68
'Collecting map data' on frame 69
'Collecting map data' on frame 70
'Collecting map data' on frame 71
'Collecting map data' on frame 72
'Collecting map data' on frame 73
'Collecting map data' on frame 74
'Collecting map data' on frame 75
'Collecting map data' on frame 76
'Collecting map data' on frame 77
'Collecting map data' on frame 78
'Collecting map data' on frame 79
'Collecting map data' on frame 80
Drawing preview
'Drawing preview' on frame 0
'Drawing preview' on frame 1000
'Drawing preview' on frame 2000
'Drawing preview' on frame 3000
'Drawing preview' on frame 4000
'Drawing preview' on frame 5000
'Drawing preview' on frame 6000
'Drawing preview' on frame 7000
'Drawing preview' on frame 8000
'Drawing preview' on frame 9000
'Drawing preview' on frame 10000
'Drawing preview' on frame 11000
'Drawing preview' on frame 12000
'Drawing preview' on frame 13000
Saving "Pasillo Ruinas 1"
'Saving "Pasillo Ruinas 1"' on frame 0
'Saving "Pasillo Ruinas 1"' on frame 1
'Saving "Pasillo Ruinas 1"' on frame 2
'Saving "Pasillo Ruinas 1"' on frame 3
'Saving "Pasillo Ruinas 1"' on frame 4
'Saving "Pasillo Ruinas 1"' on frame 5
'Saving "Pasillo Ruinas 1"' on frame 6
'Saving "Pasillo Ruinas 1"' on frame 7
'Saving "Pasillo Ruinas 1"' on frame 8
'Saving "Pasillo Ruinas 1"' on frame 9
'Saving "Pasillo Ruinas 1"' on frame 10
'Saving "Pasillo Ruinas 1"' on frame 11
'Saving "Pasillo Ruinas 1"' on frame 12
'Saving "Pasillo Ruinas 1"' on frame 13
'Saving "Pasillo Ruinas 1"' on frame 14
'Saving "Pasillo Ruinas 1"' on frame 15
'Saving "Pasillo Ruinas 1"' on frame 16
'Saving "Pasillo Ruinas 1"' on frame 17
'Saving "Pasillo Ruinas 1"' on frame 18
'Saving "Pasillo Ruinas 1"' on frame 19
'Saving "Pasillo Ruinas 1"' on frame 20
'Saving "Pasillo Ruinas 1"' on frame 21
'Saving "Pasillo Ruinas 1"' on frame 22
'Saving "Pasillo Ruinas 1"' on frame 23
'Saving "Pasillo Ruinas 1"' on frame 24
'Saving "Pasillo Ruinas 1"' on frame 25
'Saving "Pasillo Ruinas 1"' on frame 26
'Saving "Pasillo Ruinas 1"' on frame 27
'Saving "Pasillo Ruinas 1"' on frame 28
'Saving "Pasillo Ruinas 1"' on frame 29
'Saving "Pasillo Ruinas 1"' on frame 30
'Saving "Pasillo Ruinas 1"' on frame 31
'Saving "Pasillo Ruinas 1"' on frame 32
'Saving "Pasillo Ruinas 1"' on frame 33
'Saving "Pasillo Ruinas 1"' on frame 34
'Saving "Pasillo Ruinas 1"' on frame 35
'Saving "Pasillo Ruinas 1"' on frame 36
'Saving "Pasillo Ruinas 1"' on frame 37
'Saving "Pasillo Ruinas 1"' on frame 38
'Saving "Pasillo Ruinas 1"' on frame 39
'Saving "Pasillo Ruinas 1"' on frame 40
'Saving "Pasillo Ruinas 1"' on frame 41
'Saving "Pasillo Ruinas 1"' on frame 42
'Saving "Pasillo Ruinas 1"' on frame 43
'Saving "Pasillo Ruinas 1"' on frame 44
'Saving "Pasillo Ruinas 1"' on frame 45
'Saving "Pasillo Ruinas 1"' on frame 46
'Saving "Pasillo Ruinas 1"' on frame 47
'Saving "Pasillo Ruinas 1"' on frame 48
'Saving "Pasillo Ruinas 1"' on frame 49
'Saving "Pasillo Ruinas 1"' on frame 50
'Saving "Pasillo Ruinas 1"' on frame 51
'Saving "Pasillo Ruinas 1"' on frame 52
'Saving "Pasillo Ruinas 1"' on frame 53
'Saving "Pasillo Ruinas 1"' on frame 54
'Saving "Pasillo Ruinas 1"' on frame 55
'Saving "Pasillo Ruinas 1"' on frame 56
'Saving "Pasillo Ruinas 1"' on frame 57
'Saving "Pasillo Ruinas 1"' on frame 58
'Saving "Pasillo Ruinas 1"' on frame 59
'Saving "Pasillo Ruinas 1"' on frame 60
'Saving "Pasillo Ruinas 1"' on frame 61
'Saving "Pasillo Ruinas 1"' on frame 62
'Saving "Pasillo Ruinas 1"' on frame 63
'Saving "Pasillo Ruinas 1"' on frame 64
'Saving "Pasillo Ruinas 1"' on frame 65
'Saving "Pasillo Ruinas 1"' on frame 66
'Saving "Pasillo Ruinas 1"' on frame 67
'Saving "Pasillo Ruinas 1"' on frame 68
'Saving "Pasillo Ruinas 1"' on frame 69
'Saving "Pasillo Ruinas 1"' on frame 70
'Saving "Pasillo Ruinas 1"' on frame 71
'Saving "Pasillo Ruinas 1"' on frame 72
'Saving "Pasillo Ruinas 1"' on frame 73
'Saving "Pasillo Ruinas 1"' on frame 74
'Saving "Pasillo Ruinas 1"' on frame 75
'Saving "Pasillo Ruinas 1"' on frame 76
'Saving "Pasillo Ruinas 1"' on frame 77
'Saving "Pasillo Ruinas 1"' on frame 78
'Saving "Pasillo Ruinas 1"' on frame 79
'Saving "Pasillo Ruinas 1"' on frame 80
'Saving "Pasillo Ruinas 1"' on frame 81
'Saving "Pasillo Ruinas 1"' on frame 82
'Saving "Pasillo Ruinas 1"' on frame 83
'Saving "Pasillo Ruinas 1"' on frame 84
'Saving "Pasillo Ruinas 1"' on frame 85
'Saving "Pasillo Ruinas 1"' on frame 86
'Saving "Pasillo Ruinas 1"' on frame 87
'Saving "Pasillo Ruinas 1"' on frame 88
'Saving "Pasillo Ruinas 1"' on frame 89
'Saving "Pasillo Ruinas 1"' on frame 90
'Saving "Pasillo Ruinas 1"' on frame 91
'Saving "Pasillo Ruinas 1"' on frame 92
'Saving "Pasillo Ruinas 1"' on frame 93
'Saving "Pasillo Ruinas 1"' on frame 94
'Saving "Pasillo Ruinas 1"' on frame 95
'Saving "Pasillo Ruinas 1"' on frame 96
'Saving "Pasillo Ruinas 1"' on frame 97
'Saving "Pasillo Ruinas 1"' on frame 98
'Saving "Pasillo Ruinas 1"' on frame 99
Script 'SDK' line 0: SystemExit occured.

(eval):129:in `exit'exit

Backtrace:
'SDK' line 0(eval) 129:in `update'
'SDK' line 0(eval) 129:in `update'
'SDK_Scene_Base' line 110 in `update_modules'
'SDK_Scene_Base' line 91 in `main_loop'
'SDK_Scene_Base' line 47 in `main'
'SDK_Scene_Base' line 46 in `loop'
'SDK_Scene_Base' line 49 in `main'
'Main' line 12

===============================================================================
Fri Aug 30 22:48:04 Hora de verano romance 2024
-------------------------------------------------------------------------------
Script 'SDK' line 0: SystemExit occured.

(eval):129:in `exit'exit

Backtrace:
'SDK' line 0(eval) 129:in `update'
'SDK' line 0(eval) 129:in `update'
'SDK_Scene_Base' line 110 in `update_modules'
'SDK_Scene_Base' line 91 in `main_loop'
'SDK_Scene_Base' line 47 in `main'
'SDK_Scene_Base' line 46 in `loop'
'SDK_Scene_Base' line 49 in `main'
'Main' line 12

===============================================================================
Mon Dec 30 20:26:32 Hora estándar romance 2024
-------------------------------------------------------------------------------
Script 'SDK' line 0: SystemExit occured.

(eval):129:in `exit'exit

Backtrace:
'SDK' line 0(eval) 129:in `update'
'SDK' line 0(eval) 129:in `update'
'SDK_Scene_Base' line 110 in `update_modules'
'SDK_Scene_Base' line 91 in `main_loop'
'SDK_Scene_Base' line 47 in `main'
'SDK_Scene_Base' line 46 in `loop'
'SDK_Scene_Base' line 49 in `main'
'Main' line 12

===============================================================================
Mon Dec 30 22:04:29 Hora estándar romance 2024
-------------------------------------------------------------------------------
Collecting map data
'Collecting map data' on frame 0
'Collecting map data' on frame 1
'Collecting map data' on frame 2
'Collecting map data' on frame 3
'Collecting map data' on frame 4
'Collecting map data' on frame 5
'Collecting map data' on frame 6
'Collecting map data' on frame 7
'Collecting map data' on frame 8
'Collecting map data' on frame 9
'Collecting map data' on frame 10
'Collecting map data' on frame 11
'Collecting map data' on frame 12
'Collecting map data' on frame 13
'Collecting map data' on frame 14
'Collecting map data' on frame 15
'Collecting map data' on frame 16
'Collecting map data' on frame 17
'Collecting map data' on frame 18
'Collecting map data' on frame 19
'Collecting map data' on frame 20
'Collecting map data' on frame 21
'Collecting map data' on frame 22
'Collecting map data' on frame 23
'Collecting map data' on frame 24
'Collecting map data' on frame 25
'Collecting map data' on frame 26
'Collecting map data' on frame 27
'Collecting map data' on frame 28
'Collecting map data' on frame 29
'Collecting map data' on frame 30
'Collecting map data' on frame 31
'Collecting map data' on frame 32
'Collecting map data' on frame 33
'Collecting map data' on frame 34
'Collecting map data' on frame 35
'Collecting map data' on frame 36
'Collecting map data' on frame 37
'Collecting map data' on frame 38
'Collecting map data' on frame 39
'Collecting map data' on frame 40
'Collecting map data' on frame 41
'Collecting map data' on frame 42
'Collecting map data' on frame 43
'Collecting map data' on frame 44
'Collecting map data' on frame 45
'Collecting map data' on frame 46
'Collecting map data' on frame 47
'Collecting map data' on frame 48
'Collecting map data' on frame 49
'Collecting map data' on frame 50
'Collecting map data' on frame 51
'Collecting map data' on frame 52
'Collecting map data' on frame 53
'Collecting map data' on frame 54
'Collecting map data' on frame 55
'Collecting map data' on frame 56
'Collecting map data' on frame 57
'Collecting map data' on frame 58
'Collecting map data' on frame 59
'Collecting map data' on frame 60
'Collecting map data' on frame 61
'Collecting map data' on frame 62
'Collecting map data' on frame 63
'Collecting map data' on frame 64
'Collecting map data' on frame 65
'Collecting map data' on frame 66
'Collecting map data' on frame 67
'Collecting map data' on frame 68
'Collecting map data' on frame 69
'Collecting map data' on frame 70
'Collecting map data' on frame 71
'Collecting map data' on frame 72
'Collecting map data' on frame 73
'Collecting map data' on frame 74
'Collecting map data' on frame 75
'Collecting map data' on frame 76
'Collecting map data' on frame 77
'Collecting map data' on frame 78
'Collecting map data' on frame 79
'Collecting map data' on frame 80
'Collecting map data' on frame 81
'Collecting map data' on frame 82
'Collecting map data' on frame 83
'Collecting map data' on frame 84
'Collecting map data' on frame 85
'Collecting map data' on frame 86
'Collecting map data' on frame 87
'Collecting map data' on frame 88
'Collecting map data' on frame 89
'Collecting map data' on frame 90
Drawing preview
'Drawing preview' on frame 0
'Drawing preview' on frame 1000
'Drawing preview' on frame 2000
'Drawing preview' on frame 3000
'Drawing preview' on frame 4000
'Drawing preview' on frame 5000
'Drawing preview' on frame 6000
Script 'SDK' line 0: SystemExit occured.

(eval):129:in `exit'exit

Backtrace:
'SDK' line 0(eval) 129:in `update'
'SDK' line 0(eval) 129:in `update'
'SDK_Scene_Base' line 110 in `update_modules'
'SDK_Scene_Base' line 91 in `main_loop'
'SDK_Scene_Base' line 47 in `main'
'SDK_Scene_Base' line 46 in `loop'
'SDK_Scene_Base' line 49 in `main'
'Main' line 12

